[debug] [2020-09-18T16:20:06.418Z] ----------------------------------------------------------------------
[debug] [2020-09-18T16:20:06.420Z] Command:       C:\Program Files\nodejs\node.exe C:\Users\Brett\AppData\Roaming\npm\node_modules\firebase-tools\lib\bin\firebase.js deploy
[debug] [2020-09-18T16:20:06.420Z] CLI Version:   8.6.0
[debug] [2020-09-18T16:20:06.420Z] Platform:      win32
[debug] [2020-09-18T16:20:06.420Z] Node Version:  v10.15.3
[debug] [2020-09-18T16:20:06.422Z] Time:          Fri Sep 18 2020 09:20:06 GMT-0700 (Pacific Daylight Time)
[debug] [2020-09-18T16:20:06.422Z] ----------------------------------------------------------------------
[debug] [2020-09-18T16:20:06.422Z] 
[debug] [2020-09-18T16:20:06.432Z] > command requires scopes: ["email","openid","https://www.googleapis.com/auth/cloudplatformprojects.readonly","https://www.googleapis.com/auth/firebase","https://www.googleapis.com/auth/cloud-platform"]
[debug] [2020-09-18T16:20:06.433Z] > authorizing via signed-in user
[debug] [2020-09-18T16:20:06.433Z] [iam] checking project watutor-console for permissions ["firebase.projects.get","firebasehosting.sites.update"]
[debug] [2020-09-18T16:20:06.437Z] >>> HTTP REQUEST POST https://cloudresourcemanager.googleapis.com/v1/projects/watutor-console:testIamPermissions  
 {"permissions":["firebase.projects.get","firebasehosting.sites.update"]}
[debug] [2020-09-18T16:20:06.624Z] <<< HTTP RESPONSE 200 {"content-type":"application/json; charset=UTF-8","vary":"X-Origin, Referer, Origin,Accept-Encoding","date":"Fri, 18 Sep 2020 16:20:05 GMT","server":"ESF","cache-control":"private","x-xss-protection":"0","x-frame-options":"SAMEORIGIN","x-content-type-options":"nosniff","server-timing":"gfet4t7; dur=61","alt-svc":"h3-Q050=\":443\"; ma=2592000,h3-29=\":443\"; ma=2592000,h3-27=\":443\"; ma=2592000,h3-T051=\":443\"; ma=2592000,h3-T050=\":443\"; ma=2592000,h3-Q046=\":443\"; ma=2592000,h3-Q043=\":443\"; ma=2592000,quic=\":443\"; ma=2592000; v=\"46,43\"","accept-ranges":"none","transfer-encoding":"chunked"}
[debug] [2020-09-18T16:20:06.627Z] >>> HTTP REQUEST GET https://firebase.googleapis.com/v1beta1/projects/watutor-console  
 
[debug] [2020-09-18T16:20:06.826Z] <<< HTTP RESPONSE 200 {"content-type":"application/json; charset=UTF-8","vary":"X-Origin, Referer, Origin,Accept-Encoding","date":"Fri, 18 Sep 2020 16:20:05 GMT","server":"ESF","cache-control":"private","x-xss-protection":"0","x-frame-options":"SAMEORIGIN","x-content-type-options":"nosniff","alt-svc":"h3-Q050=\":443\"; ma=2592000,h3-29=\":443\"; ma=2592000,h3-27=\":443\"; ma=2592000,h3-T051=\":443\"; ma=2592000,h3-T050=\":443\"; ma=2592000,h3-Q046=\":443\"; ma=2592000,h3-Q043=\":443\"; ma=2592000,quic=\":443\"; ma=2592000; v=\"46,43\"","accept-ranges":"none","transfer-encoding":"chunked"}
[info] 
[info] === Deploying to 'watutor-console'...
[info] 
[info] i  deploying hosting 
[info] Running command: npm run build
